OpenJDK 64-Bit Server VM warning: Option UseConcMarkSweepGC was deprecated in version 9.0 and will likely be removed in a future release.
2020-05-10 22:39:59,413 [  30640]   WARN - com.intellij.ide.ui.LafManager - Tree.rowHeight = 0 in Darcula; it may lead to performance degradation 
2020-05-10 22:40:01,352 [  32579]   WARN - com.intellij.ide.ui.LafManager - List.rowHeight = 0 in Darcula; it may lead to performance degradation 
2020-05-10 22:40:01,352 [  32579]   WARN - com.intellij.ide.ui.LafManager - Table.rowHeight = 0 in Darcula; it may lead to performance degradation 
2020-05-10 22:40:01,352 [  32579]   WARN - com.intellij.ide.ui.LafManager - Tree.rowHeight = 0 in Darcula; it may lead to performance degradation 
2020-05-10 22:40:01,353 [  32580]   WARN - com.intellij.ide.ui.LafManager - List.rowHeight = 0 in Darcula; it may lead to performance degradation 
2020-05-10 22:40:01,353 [  32580]   WARN - com.intellij.ide.ui.LafManager - Table.rowHeight = 0 in Darcula; it may lead to performance degradation 
2020-05-10 22:40:01,353 [  32580]   WARN - com.intellij.ide.ui.LafManager - Tree.rowHeight = 0 in Darcula; it may lead to performance degradation 
2020-05-10 22:40:09,133 [  40360]   WARN - .diagnostic.PerformanceWatcher - UI was frozen for 7077ms, details saved to /home/noobcoder/.cache/JetBrains/WebStorm2020.1/log/threadDumps-freeze-20200510-224007-WS-201.7223.93-FreetypeFontScaler.initIDs-7sec 
2020-05-10 22:40:13,738 [  44965]   WARN - kpoints.XBreakpointManagerImpl - Unknown breakpoint type java-line 
2020-05-10 22:40:18,263 [  49490]   WARN - Container.ComponentManagerImpl - Do not use constructor injection (requestorClass=mobi.hsz.idea.gitignore.IgnoreFileBasedIndexProjectHandler) 
2020-05-10 22:40:26,532 [  57759]   WARN -        #com.intellij.idea.Main - can't parse gsettings line: @a(ss) [] 
2020-05-10 22:40:31,561 [  62788]   WARN - openapi.wm.impl.ToolWindowImpl - ToolWindow icons should be 13x13. Please fix ToolWindow (ID:  Problems View) or icon jar:file:/home/noobcoder/.local/share/JetBrains/WebStorm2020.1/Atom%20File%20Icons%20IDEA/lib/a-file-icon-idea-24.0.jar!/icons/general/warning.svg 
2020-05-10 22:40:39,227 [  70454]   WARN - .diagnostic.PerformanceWatcher - UI was frozen for 6245ms, details saved to /home/noobcoder/.cache/JetBrains/WebStorm2020.1/log/threadDumps-freeze-20200510-224037-WS-201.7223.93-FileInputStream.open0-6sec 
2020-05-10 22:40:41,101 [  72328]   WARN - ion.impl.NotificationCollector - Notification group 'Project generator' is already registered in whitelist 
2020-05-10 22:43:36,352 [ 247579]   WARN - Container.ComponentManagerImpl - Do not use constructor injection (requestorClass=mobi.hsz.idea.gitignore.daemon.AddUnversionedFilesNotificationProvider) 
2020-05-10 22:43:36,355 [ 247582]   WARN - Container.ComponentManagerImpl - Do not use constructor injection (requestorClass=mobi.hsz.idea.gitignore.daemon.MissingGitignoreNotificationProvider) 
2020-05-10 22:43:50,348 [ 261575]   WARN - om.intellij.util.FieldAccessor - Field not found: javafx.embed.swing.JFXPanel.scaleFactor 
2020-05-10 22:44:04,786 [ 276013]   WARN - ystem.impl.ActionPopupMenuImpl - 1344ms to fill popup menu ProjectViewPopup 
2020-05-10 22:44:13,806 [ 285033]  ERROR - tellij.openapi.util.ObjectTree - null 
java.lang.AssertionError
	at com.intellij.util.io.storage.RefCountingRecordsTable.decRefCount(RefCountingRecordsTable.java:62)
	at com.intellij.util.io.storage.RefCountingStorage.releaseRecord(RefCountingStorage.java:209)
	at com.intellij.openapi.vfs.newvfs.persistent.FSRecords.lambda$releaseContent$35(FSRecords.java:1474)
	at com.intellij.openapi.vfs.newvfs.persistent.FSRecords.writeAndHandleErrors(FSRecords.java:977)
	at com.intellij.openapi.vfs.newvfs.persistent.FSRecords.releaseContent(FSRecords.java:1474)
	at com.intellij.openapi.vfs.newvfs.persistent.PersistentFSImpl.releaseContent(PersistentFSImpl.java:682)
	at com.intellij.history.core.StoredContent.release(StoredContent.java:86)
	at com.intellij.history.core.ChangeList.lambda$purgeObsolete$0(ChangeList.java:166)
	at com.intellij.history.core.ChangeListStorageImpl.purge(ChangeListStorageImpl.java:224)
	at com.intellij.history.core.ChangeList.purgeObsolete(ChangeList.java:164)
	at com.intellij.history.integration.LocalHistoryImpl.doDispose(LocalHistoryImpl.java:114)
	at com.intellij.history.integration.LocalHistoryImpl.dispose(LocalHistoryImpl.java:102)
	at com.intellij.openapi.util.ObjectNode.lambda$execute$0(ObjectNode.java:111)
	at com.intellij.openapi.util.ObjectTree.executeActionWithRecursiveGuard(ObjectTree.java:184)
	at com.intellij.openapi.util.ObjectNode.execute(ObjectNode.java:71)
	at com.intellij.openapi.util.ObjectNode.lambda$execute$0(ObjectNode.java:95)
	at com.intellij.openapi.util.ObjectTree.executeActionWithRecursiveGuard(ObjectTree.java:184)
	at com.intellij.openapi.util.ObjectNode.execute(ObjectNode.java:71)
	at com.intellij.openapi.util.ObjectTree.executeAll(ObjectTree.java:134)
	at com.intellij.openapi.util.Disposer.dispose(Disposer.java:116)
	at com.intellij.openapi.util.Disposer.dispose(Disposer.java:106)
	at com.intellij.serviceContainer.ComponentManagerImpl.dispose(ComponentManagerImpl.kt:861)
	at com.intellij.openapi.application.impl.ApplicationImpl.dispose(ApplicationImpl.java:350)
	at com.intellij.openapi.util.ObjectNode.lambda$execute$0(ObjectNode.java:111)
	at com.intellij.openapi.util.ObjectTree.executeActionWithRecursiveGuard(ObjectTree.java:184)
	at com.intellij.openapi.util.ObjectNode.execute(ObjectNode.java:71)
	at com.intellij.openapi.util.ObjectTree.executeAll(ObjectTree.java:134)
	at com.intellij.openapi.util.Disposer.dispose(Disposer.java:116)
	at com.intellij.openapi.util.Disposer.dispose(Disposer.java:106)
	at com.intellij.openapi.application.impl.ApplicationImpl.lambda$disposeContainer$3(ApplicationImpl.java:181)
	at com.intellij.openapi.application.impl.ApplicationImpl.runWriteAction(ApplicationImpl.java:976)
	at com.intellij.openapi.application.impl.ApplicationImpl.disposeContainer(ApplicationImpl.java:179)
	at com.intellij.openapi.application.impl.ApplicationImpl.disposeSelf(ApplicationImpl.java:200)
	at com.intellij.openapi.application.impl.ApplicationImpl.doExit(ApplicationImpl.java:621)
	at com.intellij.openapi.application.impl.ApplicationImpl.exit(ApplicationImpl.java:589)
	at com.intellij.openapi.application.impl.ApplicationImpl.restart(ApplicationImpl.java:536)
	at com.intellij.ide.actions.InvalidateCachesAction.actionPerformed(InvalidateCachesAction.java:96)
	at com.intellij.openapi.actionSystem.ex.ActionUtil.performActionDumbAware(ActionUtil.java:280)
	at com.intellij.openapi.actionSystem.impl.ActionMenuItem$ActionTransmitter.lambda$actionPerformed$0(ActionMenuItem.java:296)
	at com.intellij.openapi.wm.impl.FocusManagerImpl.runOnOwnContext(FocusManagerImpl.java:281)
	at com.intellij.openapi.wm.impl.IdeFocusManagerImpl.runOnOwnContext(IdeFocusManagerImpl.java:77)
	at com.intellij.openapi.actionSystem.impl.ActionMenuItem$ActionTransmitter.actionPerformed(ActionMenuItem.java:285)
	at java.desktop/javax.swing.AbstractButton.fireActionPerformed(AbstractButton.java:1967)
	at com.intellij.openapi.actionSystem.impl.ActionMenuItem.lambda$fireActionPerformed$0(ActionMenuItem.java:112)
	at com.intellij.openapi.application.TransactionGuardImpl.performUserActivity(TransactionGuardImpl.java:94)
	at com.intellij.openapi.actionSystem.impl.ActionMenuItem.fireActionPerformed(ActionMenuItem.java:112)
	at com.intellij.ui.plaf.beg.BegMenuItemUI.doClick(BegMenuItemUI.java:517)
	at com.intellij.ui.plaf.beg.BegMenuItemUI.access$300(BegMenuItemUI.java:36)
	at com.intellij.ui.plaf.beg.BegMenuItemUI$MyMouseInputHandler.mouseReleased(BegMenuItemUI.java:539)
	at java.desktop/java.awt.Component.processMouseEvent(Component.java:6651)
	at java.desktop/javax.swing.JComponent.processMouseEvent(JComponent.java:3345)
	at java.desktop/java.awt.Component.processEvent(Component.java:6416)
	at java.desktop/java.awt.Container.processEvent(Container.java:2263)
	at java.desktop/java.awt.Component.dispatchEventImpl(Component.java:5026)
	at java.desktop/java.awt.Container.dispatchEventImpl(Container.java:2321)
	at java.desktop/java.awt.Component.dispatchEvent(Component.java:4858)
	at java.desktop/java.awt.LightweightDispatcher.retargetMouseEvent(Container.java:4918)
	at java.desktop/java.awt.LightweightDispatcher.processMouseEvent(Container.java:4547)
	at java.desktop/java.awt.LightweightDispatcher.dispatchEvent(Container.java:4488)
	at java.desktop/java.awt.Container.dispatchEventImpl(Container.java:2307)
	at java.desktop/java.awt.Window.dispatchEventImpl(Window.java:2773)
	at java.desktop/java.awt.Component.dispatchEvent(Component.java:4858)
	at java.desktop/java.awt.EventQueue.dispatchEventImpl(EventQueue.java:778)
	at java.desktop/java.awt.EventQueue$4.run(EventQueue.java:727)
	at java.desktop/java.awt.EventQueue$4.run(EventQueue.java:721)
	at java.base/java.security.AccessController.doPrivileged(Native Method)
	at java.base/java.security.ProtectionDomain$JavaSecurityAccessImpl.doIntersectionPrivilege(ProtectionDomain.java:85)
	at java.base/java.security.ProtectionDomain$JavaSecurityAccessImpl.doIntersectionPrivilege(ProtectionDomain.java:95)
	at java.desktop/java.awt.EventQueue$5.run(EventQueue.java:751)
	at java.desktop/java.awt.EventQueue$5.run(EventQueue.java:749)
	at java.base/java.security.AccessController.doPrivileged(Native Method)
	at java.base/java.security.ProtectionDomain$JavaSecurityAccessImpl.doIntersectionPrivilege(ProtectionDomain.java:85)
	at java.desktop/java.awt.EventQueue.dispatchEvent(EventQueue.java:748)
	at com.intellij.ide.IdeEventQueue.defaultDispatchEvent(IdeEventQueue.java:974)
	at com.intellij.ide.IdeEventQueue.dispatchMouseEvent(IdeEventQueue.java:912)
	at com.intellij.ide.IdeEventQueue._dispatchEvent(IdeEventQueue.java:844)
	at com.intellij.ide.IdeEventQueue.lambda$null$8(IdeEventQueue.java:449)
	at com.intellij.openapi.progress.impl.CoreProgressManager.computePrioritized(CoreProgressManager.java:741)
	at com.intellij.ide.IdeEventQueue.lambda$dispatchEvent$9(IdeEventQueue.java:448)
	at com.intellij.openapi.application.impl.ApplicationImpl.runIntendedWriteActionOnCurrentThread(ApplicationImpl.java:831)
	at com.intellij.ide.IdeEventQueue.dispatchEvent(IdeEventQueue.java:502)
	at java.desktop/java.awt.EventDispatchThread.pumpOneEventForFilters(EventDispatchThread.java:203)
	at java.desktop/java.awt.EventDispatchThread.pumpEventsForFilter(EventDispatchThread.java:124)
	at java.desktop/java.awt.EventDispatchThread.pumpEventsForHierarchy(EventDispatchThread.java:113)
	at java.desktop/java.awt.EventDispatchThread.pumpEvents(EventDispatchThread.java:109)
	at java.desktop/java.awt.EventDispatchThread.pumpEvents(EventDispatchThread.java:101)
	at java.desktop/java.awt.EventDispatchThread.run(EventDispatchThread.java:90)
2020-05-10 22:44:13,808 [ 285035]  ERROR - tellij.openapi.util.ObjectTree - WebStorm 2020.1.1  Build #WS-201.7223.93 
2020-05-10 22:44:13,808 [ 285035]  ERROR - tellij.openapi.util.ObjectTree - JDK: 11.0.6; VM: OpenJDK 64-Bit Server VM; Vendor: JetBrains s.r.o 
2020-05-10 22:44:13,808 [ 285035]  ERROR - tellij.openapi.util.ObjectTree - OS: Linux 
